

> @chatrat/web@0.0.1 build /Users/elijahmelton/repos/chatrat/apps/web
> astro build

[2m14:17:36[22m [34m[vite][39m Re-optimizing dependencies because vite config has changed
[2m14:17:36[22m [34m[content][39m Syncing content
[2m14:17:36[22m [34m[content][39m Synced content
[2m14:17:36[22m [34m[types][39m Generated [2m69ms[22m
[2m14:17:36[22m [34m[build][39m output: [34m"static"[39m
[2m14:17:36[22m [34m[build][39m mode: [34m"static"[39m
[2m14:17:36[22m [34m[build][39m directory: [34m/Users/elijahmelton/repos/chatrat/apps/web/dist/[39m
[2m14:17:36[22m [34m[build][39m Collecting build info...
[2m14:17:36[22m [34m[build][39m [32m✓ Completed in 75ms.[39m
[2m14:17:36[22m [34m[build][39m Building static entrypoints...
[2K[1G[2K[1G[2K[1G[2K[1G[2K[1G[2K[1G[2K[1G[2K[1G[2K[1G[2K[1G[2K[1G[2K[1G[2K[1G[2K[1G[2m14:17:36[22m [34m[vite][39m [32m✓ built in 320ms[39m
[2m14:17:36[22m [34m[build][39m [32m✓ Completed in 334ms.[39m

[42m[30m building client (vite) [39m[49m
[2K[1Gtransforming (1) [2m../../node_modules/.pnpm/@astrojs+react@4.3.0_@types+node@22.17.2_@types+react-dom@19.1.7_@types+react@19.1.10___c3187dde565f88c2e4790c345c12b2c5/node_modules/@astrojs/react/dist/client.js[22m[2K[1G[2m14:17:36[22m [34m[vite][39m [32m✓[39m 21 modules transformed.
[2K[1Grendering chunks (1)...[2K[1G[2K[1Gcomputing gzip size (0)...[2K[1Gcomputing gzip size (1)...[2K[1G[2m14:17:36[22m [34m[vite][39m [2mdist/[22m[2m_astro/[22m[36mclient.DL-_0xdV.js  [39m[1m[2m187.44 kB[22m[1m[22m[2m │ gzip: 58.99 kB[22m
[2m14:17:36[22m [34m[vite][39m [32m✓ built in 215ms[39m

[42m[30m generating static routes [39m[49m
[2m14:17:36[22m [32m▶[39m src/pages/privacy.astro
[2m14:17:36[22m   [34m└─[39m [2m/privacy/index.html[22m [2m(+3ms)[22m 
[2m14:17:36[22m [32m▶[39m src/pages/terms.astro
[2m14:17:36[22m   [34m└─[39m [2m/terms/index.html[22m [2m(+1ms)[22m 
[2m14:17:36[22m [32m▶[39m src/pages/index.astro
[2m14:17:36[22m   [34m└─[39m [2m/index.html[22m [2m(+1ms)[22m 
[2m14:17:36[22m [32m✓ Completed in 15ms.
[39m
[2m14:17:36[22m [34m[build][39m 3 page(s) built in [1m644ms[22m
[2m14:17:36[22m [34m[build][39m [1mComplete![22m
